<?xml version="1.0" encoding="UTF-8"?>
<!-- Generated by org.testng.reporters.JUnitReportReporter -->
<testsuite hostname="Admin" failures="0" tests="2" name="Execution.basiccrossbrowser" time="7.231" errors="0" timestamp="2024-01-11T10:56:45 IST" skipped="0">
  <testcase classname="Execution.basiccrossbrowser" name="MyntraTest" time="3.218"/>
  <testcase classname="Execution.basiccrossbrowser" name="MyntraTest" time="4.013"/>
</testsuite> <!-- Execution.basiccrossbrowser -->
