<?xml version="1.0" encoding="UTF-8"?>
<!-- Generated by org.testng.reporters.JUnitReportReporter -->
<testsuite hostname="Admin" failures="0" tests="5" name="Execution.basicgroup" time="12.904" errors="0" timestamp="2024-01-11T09:48:20 IST" skipped="0">
  <testcase classname="Execution.basicgroup" name="TiraTest" time="3.409"/>
  <testcase classname="Execution.basicgroup" name="MyntraTest" time="2.481"/>
  <testcase classname="Execution.basicgroup" name="ZomatoTest" time="2.548"/>
  <testcase classname="Execution.basicgroup" name="SwiggyTest" time="2.830"/>
  <testcase classname="Execution.basicgroup" name="NykaaTest" time="1.636"/>
</testsuite> <!-- Execution.basicgroup -->
