<?xml version="1.0" encoding="UTF-8"?>
<!-- Generated by org.testng.reporters.JUnitReportReporter -->
<testsuite hostname="Admin" failures="0" tests="1" name="Execution.basicparallel1" time="3.470" errors="0" timestamp="2024-01-12T11:17:16 IST" skipped="0">
  <testcase classname="Execution.basicparallel1" name="jiocinemaTest" time="3.470">
    <system-out>
      <![CDATA[Good morning]]>
    </system-out>
  </testcase> <!-- jiocinemaTest -->
  <system-out>
    <![CDATA[Good morning]]>
  </system-out>
</testsuite> <!-- Execution.basicparallel1 -->
