<?xml version="1.0" encoding="UTF-8"?>
<!-- Generated by org.testng.reporters.JUnitReportReporter -->
<testsuite hostname="Admin" failures="0" tests="1" name="testngtool.test5" time="3.040" errors="0" timestamp="2024-01-10T09:42:38 IST" skipped="0">
  <testcase classname="testngtool.test5" name="MyntraTest" time="3.040"/>
</testsuite> <!-- testngtool.test5 -->
