<?xml version="1.0" encoding="UTF-8"?>
<!-- Generated by org.testng.reporters.JUnitReportReporter -->
<testsuite hostname="Admin" failures="0" tests="2" name="Execution.basicparallel" time="5.244" errors="0" timestamp="2024-01-11T10:13:36 IST" skipped="0">
  <testcase classname="Execution.basicparallel" name="ZomatoTest" time="3.092"/>
  <testcase classname="Execution.basicparallel" name="NykaaTest" time="2.152"/>
</testsuite> <!-- Execution.basicparallel -->
