<?xml version="1.0" encoding="UTF-8"?>
<!-- Generated by org.testng.reporters.JUnitReportReporter -->
<testsuite hostname="Admin" failures="0" tests="5" name="testngtool.test1" time="9.915" errors="0" timestamp="2024-01-08T10:36:47 IST" skipped="0">
  <testcase classname="testngtool.test1" name="SwiggyTest" time="1.894"/>
  <testcase classname="testngtool.test1" name="SwiggyTest" time="1.880"/>
  <testcase classname="testngtool.test1" name="SwiggyTest" time="2.611"/>
  <testcase classname="testngtool.test1" name="FacebookTest" time="1.312"/>
  <testcase classname="testngtool.test1" name="ZomatoTest" time="2.218"/>
</testsuite> <!-- testngtool.test1 -->
