<?xml version="1.0" encoding="UTF-8"?>
<!-- Generated by org.testng.reporters.JUnitReportReporter -->
<testsuite hostname="Admin" failures="0" tests="1" name="Basiclistener.AjioTest" time="4.218" errors="0" timestamp="2024-01-19T11:06:43 IST" skipped="0">
  <testcase classname="Basiclistener.AjioTest" name="PerfumeTest" time="4.218">
    <system-out>
      <![CDATA[PerfumeTestTestscript execution is passed]]>
    </system-out>
  </testcase> <!-- PerfumeTest -->
  <system-out>
    <![CDATA[Testscript execution is started
PerfumeTestTestscript execution is passed]]>
  </system-out>
</testsuite> <!-- Basiclistener.AjioTest -->
