<?xml version="1.0" encoding="UTF-8"?>
<!-- Generated by org.testng.reporters.JUnitReportReporter -->
<testsuite hostname="Admin" failures="0" tests="1" name="testngtool.myntra1" time="3.226" errors="0" timestamp="2024-01-09T10:39:42 IST" skipped="0">
  <testcase classname="testngtool.myntra1" name="MyntraTest" time="3.226"/>
</testsuite> <!-- testngtool.myntra1 -->
