<?xml version="1.0" encoding="UTF-8"?>
<!-- Generated by org.testng.reporters.JUnitReportReporter -->
<testsuite hostname="Admin" failures="0" tests="1" name="Basicbatchexecution.myntra" time="2.337" errors="0" timestamp="2024-01-11T11:11:22 IST" skipped="0">
  <testcase classname="Basicbatchexecution.myntra" name="MyntraTest" time="2.337"/>
</testsuite> <!-- Basicbatchexecution.myntra -->
