<?xml version="1.0" encoding="UTF-8"?>
<!-- Generated by org.testng.reporters.JUnitReportReporter -->
<testsuite hostname="Admin" failures="0" tests="2" name="Basicannotations.Myntra" time="5.569" errors="0" timestamp="2024-01-12T09:29:13 IST" skipped="0">
  <testcase classname="Basicannotations.Myntra" name="MyntraTest" time="2.369"/>
  <testcase classname="Basicannotations.Myntra" name="AmazonTest" time="3.200"/>
</testsuite> <!-- Basicannotations.Myntra -->
